<?xml version="1.0" encoding="UTF-8"?>
<!-- Generated by org.testng.reporters.JUnitReportReporter -->
<testsuite hostname="LAPTOP-92EUTB0V" failures="0" tests="1" name="httpBasicRequest.PUT_DeleteRequest" time="2.468" errors="0" timestamp="2024-08-03T11:38:26 IST" skipped="0">
  <testcase classname="httpBasicRequest.PUT_DeleteRequest" name="deleteUser" time="2.468"/>
  <system-out/>
</testsuite> <!-- httpBasicRequest.PUT_DeleteRequest -->
