<?xml version="1.0" encoding="UTF-8"?>
<!-- Generated by org.testng.reporters.JUnitReportReporter -->
<testsuite hostname="LAPTOP-92EUTB0V" failures="0" tests="3" name="httpBasicRequest.POST_BDD" time="6.617" errors="0" timestamp="2024-08-02T19:42:59 IST" skipped="0">
  <testcase classname="httpBasicRequest.POST_BDD" name="postUsingHashMap" time="4.750"/>
  <system-out/>
  <testcase classname="httpBasicRequest.POST_BDD" name="postUsingPOJO" time="0.934"/>
  <system-out/>
  <testcase classname="httpBasicRequest.POST_BDD" name="testPOJOResponse" time="0.933"/>
  <system-out/>
</testsuite> <!-- httpBasicRequest.POST_BDD -->
