<?xml version="1.0" encoding="UTF-8"?>
<!-- Generated by org.testng.reporters.JUnitReportReporter -->
<testsuite hostname="LAPTOP-92EUTB0V" failures="0" tests="1" name="APIScenarios.Query_PathParameters" time="3.538" errors="0" timestamp="2024-08-03T00:17:34 IST" skipped="0">
  <testcase classname="APIScenarios.Query_PathParameters" name="path_QueryParam" time="3.538"/>
  <system-out/>
</testsuite> <!-- APIScenarios.Query_PathParameters -->
