<?xml version="1.0" encoding="UTF-8"?>
<!-- Generated by org.testng.reporters.JUnitReportReporter -->
<testsuite hostname="LAPTOP-92EUTB0V" failures="0" tests="1" name="APIScenarios.AuthenticationDemo" time="8.644" errors="0" timestamp="2024-08-03T15:56:34 IST" skipped="0">
  <testcase classname="APIScenarios.AuthenticationDemo" name="oAuth2Test" time="8.644"/>
  <system-out/>
</testsuite> <!-- APIScenarios.AuthenticationDemo -->
