<?xml version="1.0" encoding="UTF-8"?>
<!-- Generated by org.testng.reporters.JUnitReportReporter -->
<testsuite hostname="LAPTOP-92EUTB0V" failures="0" tests="3" name="httpBasicRequest.Create_Update_DeleteSameUser" time="6.465" errors="0" timestamp="2024-08-02T23:44:37 IST" skipped="0">
  <testcase classname="httpBasicRequest.Create_Update_DeleteSameUser" name="createUser" time="5.170"/>
  <system-out/>
  <testcase classname="httpBasicRequest.Create_Update_DeleteSameUser" name="updateSameUser" time="0.655"/>
  <system-out/>
  <testcase classname="httpBasicRequest.Create_Update_DeleteSameUser" name="deleteSameUser" time="0.640"/>
  <system-out/>
</testsuite> <!-- httpBasicRequest.Create_Update_DeleteSameUser -->
