<?xml version="1.0" encoding="UTF-8"?>
<!-- Generated by org.testng.reporters.JUnitReportReporter -->
<testsuite hostname="LAPTOP-92EUTB0V" failures="0" tests="2" name="httpBasicRequest.GetRequestBDD" time="3.974" errors="0" timestamp="2024-08-03T11:44:08 IST" skipped="0">
  <testcase classname="httpBasicRequest.GetRequestBDD" name="getSingleUser" time="3.539"/>
  <system-out/>
  <testcase classname="httpBasicRequest.GetRequestBDD" name="getLidtOfUser" time="0.435"/>
  <system-out/>
</testsuite> <!-- httpBasicRequest.GetRequestBDD -->
