<?xml version="1.0" encoding="UTF-8"?>
<!-- Generated by org.testng.reporters.JUnitReportReporter -->
<testsuite hostname="LAPTOP-92EUTB0V" failures="0" tests="2" name="APIScenarios.CookieValidation" time="3.231" errors="0" timestamp="2024-08-03T00:33:17 IST" skipped="0">
  <testcase classname="APIScenarios.CookieValidation" name="getAllCookies" time="2.886"/>
  <system-out/>
  <testcase classname="APIScenarios.CookieValidation" name="getSingleCookie" time="0.345"/>
  <system-out/>
</testsuite> <!-- APIScenarios.CookieValidation -->
