<?xml version="1.0" encoding="UTF-8"?>
<!-- Generated by org.testng.reporters.JUnitReportReporter -->
<testsuite hostname="LAPTOP-92EUTB0V" failures="0" tests="2" name="httpBasicRequest.GETWithoutBDD" time="3.738" errors="0" timestamp="2024-08-02T01:11:39 IST" skipped="0">
  <testcase classname="httpBasicRequest.GETWithoutBDD" name="getAllUsers" time="3.426"/>
  <system-out/>
  <testcase classname="httpBasicRequest.GETWithoutBDD" name="singleUser" time="0.312"/>
  <system-out/>
</testsuite> <!-- httpBasicRequest.GETWithoutBDD -->
